<?xml version="1.0" encoding="UTF-8"?>
<!-- Generated by org.testng.reporters.JUnitReportReporter -->
<testsuite hostname="TYSS-Akash-Deb" failures="0" tests="4" name="store.StoreTest" time="4.866" errors="0" timestamp="29 Feb 2024 10:26:06 GMT" skipped="0">
  <testcase classname="store.StoreTest" name="placeOrderTest" time="1.266"/>
  <testcase classname="store.StoreTest" name="findPurchaseOrderTest" time="1.171"/>
  <testcase classname="store.StoreTest" name="readPetInventoriesTest" time="1.217"/>
  <testcase classname="store.StoreTest" name="deletePurchaseOrderTest" time="1.212"/>
</testsuite> <!-- store.StoreTest -->
