<?xml version="1.0" encoding="UTF-8"?>
<!-- Generated by org.testng.reporters.JUnitReportReporter -->
<testsuite hostname="TYSS-Akash-Deb" failures="0" tests="4" name="pets.StoreTest" time="6.125" errors="0" timestamp="28 Feb 2024 12:10:11 GMT" skipped="0">
  <testcase classname="pets.StoreTest" name="placeOrder" time="2.454"/>
  <testcase classname="pets.StoreTest" name="findPurchaseOrder" time="1.247"/>
  <testcase classname="pets.StoreTest" name="readPetInventories" time="1.197"/>
  <testcase classname="pets.StoreTest" name="deletePurchaseOrder" time="1.227"/>
</testsuite> <!-- pets.StoreTest -->
