<?xml version="1.0" encoding="UTF-8"?>
<!-- Generated by org.testng.reporters.JUnitReportReporter -->
<testsuite hostname="TYSS-Akash-Deb" failures="0" tests="8" name="user.UserTest" time="9.658" errors="0" timestamp="29 Feb 2024 10:26:06 GMT" skipped="0">
  <testcase classname="user.UserTest" name="createUserTest" time="1.218"/>
  <testcase classname="user.UserTest" name="loginUserTest" time="1.222"/>
  <testcase classname="user.UserTest" name="createArrayOfUsersTest" time="1.181"/>
  <testcase classname="user.UserTest" name="createListOfUsersTest" time="1.219"/>
  <testcase classname="user.UserTest" name="readUserTest" time="1.202"/>
  <testcase classname="user.UserTest" name="updateUserTest" time="1.203"/>
  <testcase classname="user.UserTest" name="logoutUserTest" time="1.201"/>
  <testcase classname="user.UserTest" name="deleteUserTest" time="1.212"/>
</testsuite> <!-- user.UserTest -->
