<?xml version="1.0" encoding="UTF-8"?>
<!-- Generated by org.testng.reporters.JUnitReportReporter -->
<testsuite hostname="TYSS-Akash-Deb" failures="0" tests="7" name="pets.PetsTest" time="9.704" errors="0" timestamp="29 Feb 2024 10:26:06 GMT" skipped="0">
  <testcase classname="pets.PetsTest" name="addPetTest" time="2.115"/>
  <testcase classname="pets.PetsTest" name="uploadPetImageTest" time="1.552"/>
  <testcase classname="pets.PetsTest" name="findPetByStatusTest" time="1.221"/>
  <testcase classname="pets.PetsTest" name="updatePetTest" time="1.198"/>
  <testcase classname="pets.PetsTest" name="findPetByIdTest" time="1.215"/>
  <testcase classname="pets.PetsTest" name="findPetWithFormDataTest" time="1.206"/>
  <testcase classname="pets.PetsTest" name="deletePetTest" time="1.197"/>
</testsuite> <!-- pets.PetsTest -->
