<?xml version="1.0" encoding="UTF-8"?>
<!-- Generated by org.testng.reporters.JUnitReportReporter -->
<testsuite hostname="TYSS-Akash-Deb" failures="0" tests="8" name="user.UserTest" time="9.590" errors="0" timestamp="29 Feb 2024 10:51:16 GMT" skipped="0">
  <testcase classname="user.UserTest" name="createUserTest" time="1.214"/>
  <testcase classname="user.UserTest" name="loginUserTest" time="1.197"/>
  <testcase classname="user.UserTest" name="createArrayOfUsersTest" time="1.191"/>
  <testcase classname="user.UserTest" name="createListOfUsersTest" time="1.192"/>
  <testcase classname="user.UserTest" name="readUserTest" time="1.225"/>
  <testcase classname="user.UserTest" name="updateUserTest" time="1.182"/>
  <testcase classname="user.UserTest" name="logoutUserTest" time="1.185"/>
  <testcase classname="user.UserTest" name="deleteUserTest" time="1.204"/>
</testsuite> <!-- user.UserTest -->
