<?xml version="1.0" encoding="UTF-8"?>
<!-- Generated by org.testng.reporters.JUnitReportReporter -->
<testsuite hostname="TYSS-Akash-Deb" failures="0" tests="7" name="pets.PetsTest" time="9.958" errors="0" timestamp="29 Feb 2024 10:51:16 GMT" skipped="0">
  <testcase classname="pets.PetsTest" name="addPetTest" time="2.438"/>
  <testcase classname="pets.PetsTest" name="uploadPetImageTest" time="1.515"/>
  <testcase classname="pets.PetsTest" name="findPetByStatusTest" time="1.216"/>
  <testcase classname="pets.PetsTest" name="updatePetTest" time="1.197"/>
  <testcase classname="pets.PetsTest" name="findPetByIdTest" time="1.181"/>
  <testcase classname="pets.PetsTest" name="findPetWithFormDataTest" time="1.231"/>
  <testcase classname="pets.PetsTest" name="deletePetTest" time="1.180"/>
</testsuite> <!-- pets.PetsTest -->
