<?xml version="1.0" encoding="UTF-8"?>
<!-- Generated by org.testng.reporters.JUnitReportReporter -->
<testsuite hostname="TYSS-Akash-Deb" failures="0" tests="4" name="store.StoreTest" time="4.780" errors="0" timestamp="29 Feb 2024 10:51:16 GMT" skipped="0">
  <testcase classname="store.StoreTest" name="placeOrderTest" time="1.198"/>
  <testcase classname="store.StoreTest" name="findPurchaseOrderTest" time="1.204"/>
  <testcase classname="store.StoreTest" name="readPetInventoriesTest" time="1.184"/>
  <testcase classname="store.StoreTest" name="deletePurchaseOrderTest" time="1.194"/>
</testsuite> <!-- store.StoreTest -->
